0 info it worked if it ends with ok
1 verbose cli [ 'C:\\Program Files (x86)\\nodejs\\node.exe',
1 verbose cli   'C:\\Program Files (x86)\\nodejs\\node_modules\\npm\\bin\\npm-cli.js',
1 verbose cli   'run-script',
1 verbose cli   'test' ]
2 info using npm@3.6.0
3 info using node@v5.7.0
4 verbose run-script [ 'pretest', 'test', 'posttest' ]
5 info lifecycle MEAN-Typescript-Angular2-Skeleton@1.0.0~pretest: MEAN-Typescript-Angular2-Skeleton@1.0.0
6 silly lifecycle MEAN-Typescript-Angular2-Skeleton@1.0.0~pretest: no script for pretest, continuing
7 info lifecycle MEAN-Typescript-Angular2-Skeleton@1.0.0~test: MEAN-Typescript-Angular2-Skeleton@1.0.0
8 verbose lifecycle MEAN-Typescript-Angular2-Skeleton@1.0.0~test: unsafe-perm in lifecycle true
9 verbose lifecycle MEAN-Typescript-Angular2-Skeleton@1.0.0~test: PATH: C:\Program Files (x86)\nodejs\node_modules\npm\bin\node-gyp-bin;C:\Users\thomas.UCLOUDLINK\Documents\Angular2\MEAN-Typescript-Angular2-Skeleton\node_modules\.bin;C:\Python27\;C:\Python27\Scripts;C:\ProgramData\Oracle\Java\javapath;C:\PROGRA~1\PTC\MKSTOO~1\bin64;C:\PROGRA~1\PTC\MKSTOO~1\bin;C:\PROGRA~1\PTC\MKSTOO~1\bin\X11;C:\PROGRA~1\PTC\MKSTOO~1\mksnt;C:\Program Files (x86)\Intel\iCLS Client\;C:\Program Files\Intel\iCLS Client\;C:\WINDOWS\system32;C:\WINDOWS;C:\WINDOWS\System32\Wbem;C:\WINDOWS\System32\WindowsPowerShell\v1.0\;C:\Program Files\Intel\WiFi\bin\;C:\Program Files\Common Files\Intel\WirelessCommon\;C:\Program Files (x86)\Intel\Intel(R) Management Engine Components\DAL;C:\Program Files\Intel\Intel(R) Management Engine Components\DAL;C:\Program Files (x86)\Intel\Intel(R) Management Engine Components\IPT;C:\Program Files\Intel\Intel(R) Management Engine Components\IPT;C:\Program Files (x86)\NVIDIA Corporation\PhysX\Common;C:\HashiCorp\Vagrant\bin;C:\Program Files\Git\cmd;C:\Program Files\Amazon\AWSCLI\;C:\Program Files\TortoiseSVN\bin;C:\Program Files (x86)\Skype\Phone\;C:\Program Files (x86)\nodejs\;C:\Users\thomas.UCLOUDLINK\.dnx\bin;C:\Program Files\Microsoft DNX\Dnvm\;C:\Program Files\Microsoft SQL Server\120\Tools\Binn\;C:\Program Files\Condusiv Technologies\ExpressCache\;C:\Ruby22-x64\bin;C:\Program Files\Docker Toolbox;C:\Users\thomas.UCLOUDLINK\AppData\Roaming\npm
10 verbose lifecycle MEAN-Typescript-Angular2-Skeleton@1.0.0~test: CWD: C:\Users\thomas.UCLOUDLINK\Documents\Angular2\MEAN-Typescript-Angular2-Skeleton
11 silly lifecycle MEAN-Typescript-Angular2-Skeleton@1.0.0~test: Args: [ '/d /s /c', 'echo "Error: no test specified" && exit 1' ]
12 silly lifecycle MEAN-Typescript-Angular2-Skeleton@1.0.0~test: Returned: code: 1  signal: null
13 info lifecycle MEAN-Typescript-Angular2-Skeleton@1.0.0~test: Failed to exec test script
14 verbose stack Error: MEAN-Typescript-Angular2-Skeleton@1.0.0 test: `echo "Error: no test specified" && exit 1`
14 verbose stack Exit status 1
14 verbose stack     at EventEmitter.<anonymous> (C:\Program Files (x86)\nodejs\node_modules\npm\lib\utils\lifecycle.js:232:16)
14 verbose stack     at emitTwo (events.js:100:13)
14 verbose stack     at EventEmitter.emit (events.js:185:7)
14 verbose stack     at ChildProcess.<anonymous> (C:\Program Files (x86)\nodejs\node_modules\npm\lib\utils\spawn.js:24:14)
14 verbose stack     at emitTwo (events.js:100:13)
14 verbose stack     at ChildProcess.emit (events.js:185:7)
14 verbose stack     at maybeClose (internal/child_process.js:827:16)
14 verbose stack     at Process.ChildProcess._handle.onexit (internal/child_process.js:211:5)
15 verbose pkgid MEAN-Typescript-Angular2-Skeleton@1.0.0
16 verbose cwd C:\Users\thomas.UCLOUDLINK\Documents\Angular2\MEAN-Typescript-Angular2-Skeleton
17 error Windows_NT 10.0.10240
18 error argv "C:\\Program Files (x86)\\nodejs\\node.exe" "C:\\Program Files (x86)\\nodejs\\node_modules\\npm\\bin\\npm-cli.js" "run-script" "test"
19 error node v5.7.0
20 error npm  v3.6.0
21 error code ELIFECYCLE
22 error MEAN-Typescript-Angular2-Skeleton@1.0.0 test: `echo "Error: no test specified" && exit 1`
22 error Exit status 1
23 error Failed at the MEAN-Typescript-Angular2-Skeleton@1.0.0 test script 'echo "Error: no test specified" && exit 1'.
23 error Make sure you have the latest version of node.js and npm installed.
23 error If you do, this is most likely a problem with the MEAN-Typescript-Angular2-Skeleton package,
23 error not with npm itself.
23 error Tell the author that this fails on your system:
23 error     echo "Error: no test specified" && exit 1
23 error You can get information on how to open an issue for this project with:
23 error     npm bugs MEAN-Typescript-Angular2-Skeleton
23 error Or if that isn't available, you can get their info via:
23 error     npm owner ls MEAN-Typescript-Angular2-Skeleton
23 error There is likely additional logging output above.
24 verbose exit [ 1, true ]
